<test-run id="2" testcasecount="1" result="Passed" start-time="2025-02-26 12:48:08.457612" end-time="2025-02-26 12:48:18.416486" duration="9" total="1" passed="1" failed="0" inconclusive="0" skipped="0" asserts="0" clr-version="3.12.3 (tags/v3.12.3:f6650f9, Apr  9 2024, 14:05:25) [MSC v.1938 64 bit (AMD64)]" engine-version="3.6.2"><command-line>C:\Users\Joyce\Install\python\Lib\site-packages\pytest\__main__.py testcase/bd_test_example.py</command-line><filter><test re="0">testcase/bd_test_example.py</test></filter><test-suite id="testcase/bd_test_example.py" name="testcase/bd_test_example.py" fullname="testcase/bd_test_example.py" methodname="" classname="" runstate="Runnable" type="Assembly" testcasecount="1" result="Passed" label="" start-time="2025-02-26 12:48:11.175730" end-time="2025-02-26 12:48:14.256893" duration="3.081163" asserts="0" total="1" passed="1" failed="0" warnings="0" inconclusive="0" skipped="0"><properties><property name="python_version" value="3.12.3 (tags/v3.12.3:f6650f9, Apr  9 2024, 14:05:25) [MSC v.1938 64 bit (AMD64)]" /></properties><test-case id="100" name="testcase/bd_test_example.py::test_example_title" fullname="testcase/bd_test_example.py::test_example_title" methodname="test_example_title" classname="testcase/bd_test_example.py" runstate="Runnable" seed="1" result="Passed" label="" start-time="2025-02-26 12:48:11.175730" end-time="2025-02-26 12:48:14.256893" duration="3.081163" asserts="0"><properties><property name="python-version" value="3.12.3 (tags/v3.12.3:f6650f9, Apr  9 2024, 14:05:25) [MSC v.1938 64 bit (AMD64)]" /><property name="fspath" value="testcase/bd_test_example.py" /></properties><environment framework-version="3.6.2" clr-version="3.12.3 (tags/v3.12.3:f6650f9, Apr  9 2024, 14:05:25) [MSC v.1938 64 bit (AMD64)]" os-version="11" platform="Windows" cwd="C:\Users\Joyce\PycharmProjects\baidu_UIAuto" machine-name="AMD64" user="" user-domain="" culture="en_US" uiculture="en_US" os-architecture="64bit" /><failure><message><![CDATA[[gw0] win32 -- Python 3.12.3 C:\Users\Joyce\Install\python\python.exe]]></message><stack-trace><![CDATA[None]]></stack-trace></failure><reason><message><![CDATA[]]></message></reason><output><![CDATA[]]></output></test-case><environment framework-version="3.6.2" clr-version="3.12.3 (tags/v3.12.3:f6650f9, Apr  9 2024, 14:05:25) [MSC v.1938 64 bit (AMD64)]" os-version="11" platform="Windows" cwd="C:\Users\Joyce\PycharmProjects\baidu_UIAuto" machine-name="AMD64" user="" user-domain="" culture="en_US" uiculture="en_US" os-architecture="64bit" /></test-suite></test-run>